Determining if the pthread_create exist failed with the following output:
Change Dir: /home/wenws/15_velodyne/build/CMakeFiles/CMakeTmp

Run Build Command:/usr/bin/make "cmTryCompileExec881334640/fast"
/usr/bin/make -f CMakeFiles/cmTryCompileExec881334640.dir/build.make CMakeFiles/cmTryCompileExec881334640.dir/build
make[1]: Entering directory `/home/wenws/15_velodyne/build/CMakeFiles/CMakeTmp'
/usr/bin/cmake -E cmake_progress_report /home/wenws/15_velodyne/build/CMakeFiles/CMakeTmp/CMakeFiles 1
Building C object CMakeFiles/cmTryCompileExec881334640.dir/CheckSymbolExists.c.o
/usr/bin/cc    -o CMakeFiles/cmTryCompileExec881334640.dir/CheckSymbolExists.c.o   -c /home/wenws/15_velodyne/build/CMakeFiles/CMakeTmp/CheckSymbolExists.c
Linking C executable cmTryCompileExec881334640
/usr/bin/cmake -E cmake_link_script CMakeFiles/cmTryCompileExec881334640.dir/link.txt --verbose=1
/usr/bin/cc       CMakeFiles/cmTryCompileExec881334640.dir/CheckSymbolExists.c.o  -o cmTryCompileExec881334640 -rdynamic 
CMakeFiles/cmTryCompileExec881334640.dir/CheckSymbolExists.c.o: In function `main':
CheckSymbolExists.c:(.text+0x16): undefined reference to `pthread_create'
collect2: error: ld returned 1 exit status
make[1]: Leaving directory `/home/wenws/15_velodyne/build/CMakeFiles/CMakeTmp'
make[1]: *** [cmTryCompileExec881334640] Error 1
make: *** [cmTryCompileExec881334640/fast] Error 2

File /home/wenws/15_velodyne/build/CMakeFiles/CMakeTmp/CheckSymbolExists.c:
/* */
#include <pthread.h>

int main(int argc, char** argv)
{
  (void)argv;
#ifndef pthread_create
  return ((int*)(&pthread_create))[argc];
#else
  (void)argc;
  return 0;
#endif
}

Determining if the function pthread_create exists in the pthreads failed with the following output:
Change Dir: /home/wenws/15_velodyne/build/CMakeFiles/CMakeTmp

Run Build Command:/usr/bin/make "cmTryCompileExec2460636794/fast"
/usr/bin/make -f CMakeFiles/cmTryCompileExec2460636794.dir/build.make CMakeFiles/cmTryCompileExec2460636794.dir/build
make[1]: Entering directory `/home/wenws/15_velodyne/build/CMakeFiles/CMakeTmp'
/usr/bin/cmake -E cmake_progress_report /home/wenws/15_velodyne/build/CMakeFiles/CMakeTmp/CMakeFiles 1
Building C object CMakeFiles/cmTryCompileExec2460636794.dir/CheckFunctionExists.c.o
/usr/bin/cc   -DCHECK_FUNCTION_EXISTS=pthread_create   -o CMakeFiles/cmTryCompileExec2460636794.dir/CheckFunctionExists.c.o   -c /usr/share/cmake-2.8/Modules/CheckFunctionExists.c
Linking C executable cmTryCompileExec2460636794
/usr/bin/cmake -E cmake_link_script CMakeFiles/cmTryCompileExec2460636794.dir/link.txt --verbose=1
/usr/bin/cc   -DCHECK_FUNCTION_EXISTS=pthread_create    CMakeFiles/cmTryCompileExec2460636794.dir/CheckFunctionExists.c.o  -o cmTryCompileExec2460636794 -rdynamic -lpthreads 
/usr/bin/ld: cannot find -lpthreads
collect2: error: ld returned 1 exit status
make[1]: Leaving directory `/home/wenws/15_velodyne/build/CMakeFiles/CMakeTmp'
make[1]: *** [cmTryCompileExec2460636794] Error 1
make: *** [cmTryCompileExec2460636794/fast] Error 2


